Determining if the pthread_create exist failed with the following output:
Change Dir: /home/huihai/husky_melodic_ws/build/trash_detect/CMakeFiles/CMakeTmp

Run Build Command:"/usr/bin/make" "cmTC_6536b/fast"
/usr/bin/make -f CMakeFiles/cmTC_6536b.dir/build.make CMakeFiles/cmTC_6536b.dir/build
make[1]: Entering directory '/home/huihai/husky_melodic_ws/build/trash_detect/CMakeFiles/CMakeTmp'
Building C object CMakeFiles/cmTC_6536b.dir/CheckSymbolExists.c.o
/usr/bin/cc    -o CMakeFiles/cmTC_6536b.dir/CheckSymbolExists.c.o   -c /home/huihai/husky_melodic_ws/build/trash_detect/CMakeFiles/CMakeTmp/CheckSymbolExists.c
Linking C executable cmTC_6536b
/usr/bin/cmake -E cmake_link_script CMakeFiles/cmTC_6536b.dir/link.txt --verbose=1
/usr/bin/cc      -rdynamic CMakeFiles/cmTC_6536b.dir/CheckSymbolExists.c.o  -o cmTC_6536b 
CMakeFiles/cmTC_6536b.dir/CheckSymbolExists.c.o: In function `main':
CheckSymbolExists.c:(.text+0x1b): undefined reference to `pthread_create'
collect2: error: ld returned 1 exit status
CMakeFiles/cmTC_6536b.dir/build.make:97: recipe for target 'cmTC_6536b' failed
make[1]: *** [cmTC_6536b] Error 1
make[1]: Leaving directory '/home/huihai/husky_melodic_ws/build/trash_detect/CMakeFiles/CMakeTmp'
Makefile:126: recipe for target 'cmTC_6536b/fast' failed
make: *** [cmTC_6536b/fast] Error 2

File /home/huihai/husky_melodic_ws/build/trash_detect/CMakeFiles/CMakeTmp/CheckSymbolExists.c:
/* */
#include <pthread.h>

int main(int argc, char** argv)
{
  (void)argv;
#ifndef pthread_create
  return ((int*)(&pthread_create))[argc];
#else
  (void)argc;
  return 0;
#endif
}

Determining if the function pthread_create exists in the pthreads failed with the following output:
Change Dir: /home/huihai/husky_melodic_ws/build/trash_detect/CMakeFiles/CMakeTmp

Run Build Command:"/usr/bin/make" "cmTC_aae90/fast"
/usr/bin/make -f CMakeFiles/cmTC_aae90.dir/build.make CMakeFiles/cmTC_aae90.dir/build
make[1]: Entering directory '/home/huihai/husky_melodic_ws/build/trash_detect/CMakeFiles/CMakeTmp'
Building C object CMakeFiles/cmTC_aae90.dir/CheckFunctionExists.c.o
/usr/bin/cc   -DCHECK_FUNCTION_EXISTS=pthread_create   -o CMakeFiles/cmTC_aae90.dir/CheckFunctionExists.c.o   -c /usr/share/cmake-3.10/Modules/CheckFunctionExists.c
Linking C executable cmTC_aae90
/usr/bin/cmake -E cmake_link_script CMakeFiles/cmTC_aae90.dir/link.txt --verbose=1
/usr/bin/cc  -DCHECK_FUNCTION_EXISTS=pthread_create    -rdynamic CMakeFiles/cmTC_aae90.dir/CheckFunctionExists.c.o  -o cmTC_aae90 -lpthreads 
/usr/bin/ld: cannot find -lpthreads
collect2: error: ld returned 1 exit status
CMakeFiles/cmTC_aae90.dir/build.make:97: recipe for target 'cmTC_aae90' failed
make[1]: *** [cmTC_aae90] Error 1
make[1]: Leaving directory '/home/huihai/husky_melodic_ws/build/trash_detect/CMakeFiles/CMakeTmp'
Makefile:126: recipe for target 'cmTC_aae90/fast' failed
make: *** [cmTC_aae90/fast] Error 2


