Determining if the pthread_create exist failed with the following output:
Change Dir: /home/huihai/husky_melodic_ws/build/get_goals/CMakeFiles/CMakeTmp

Run Build Command:"/usr/bin/make" "cmTC_4f1ba/fast"
/usr/bin/make -f CMakeFiles/cmTC_4f1ba.dir/build.make CMakeFiles/cmTC_4f1ba.dir/build
make[1]: Entering directory '/home/huihai/husky_melodic_ws/build/get_goals/CMakeFiles/CMakeTmp'
Building C object CMakeFiles/cmTC_4f1ba.dir/CheckSymbolExists.c.o
/usr/bin/cc    -o CMakeFiles/cmTC_4f1ba.dir/CheckSymbolExists.c.o   -c /home/huihai/husky_melodic_ws/build/get_goals/CMakeFiles/CMakeTmp/CheckSymbolExists.c
Linking C executable cmTC_4f1ba
/usr/bin/cmake -E cmake_link_script CMakeFiles/cmTC_4f1ba.dir/link.txt --verbose=1
/usr/bin/cc      -rdynamic CMakeFiles/cmTC_4f1ba.dir/CheckSymbolExists.c.o  -o cmTC_4f1ba 
CMakeFiles/cmTC_4f1ba.dir/CheckSymbolExists.c.o: In function `main':
CheckSymbolExists.c:(.text+0x1b): undefined reference to `pthread_create'
collect2: error: ld returned 1 exit status
CMakeFiles/cmTC_4f1ba.dir/build.make:97: recipe for target 'cmTC_4f1ba' failed
make[1]: *** [cmTC_4f1ba] Error 1
make[1]: Leaving directory '/home/huihai/husky_melodic_ws/build/get_goals/CMakeFiles/CMakeTmp'
Makefile:126: recipe for target 'cmTC_4f1ba/fast' failed
make: *** [cmTC_4f1ba/fast] Error 2

File /home/huihai/husky_melodic_ws/build/get_goals/CMakeFiles/CMakeTmp/CheckSymbolExists.c:
/* */
#include <pthread.h>

int main(int argc, char** argv)
{
  (void)argv;
#ifndef pthread_create
  return ((int*)(&pthread_create))[argc];
#else
  (void)argc;
  return 0;
#endif
}

Determining if the function pthread_create exists in the pthreads failed with the following output:
Change Dir: /home/huihai/husky_melodic_ws/build/get_goals/CMakeFiles/CMakeTmp

Run Build Command:"/usr/bin/make" "cmTC_5b8b9/fast"
/usr/bin/make -f CMakeFiles/cmTC_5b8b9.dir/build.make CMakeFiles/cmTC_5b8b9.dir/build
make[1]: Entering directory '/home/huihai/husky_melodic_ws/build/get_goals/CMakeFiles/CMakeTmp'
Building C object CMakeFiles/cmTC_5b8b9.dir/CheckFunctionExists.c.o
/usr/bin/cc   -DCHECK_FUNCTION_EXISTS=pthread_create   -o CMakeFiles/cmTC_5b8b9.dir/CheckFunctionExists.c.o   -c /usr/share/cmake-3.10/Modules/CheckFunctionExists.c
Linking C executable cmTC_5b8b9
/usr/bin/cmake -E cmake_link_script CMakeFiles/cmTC_5b8b9.dir/link.txt --verbose=1
/usr/bin/cc  -DCHECK_FUNCTION_EXISTS=pthread_create    -rdynamic CMakeFiles/cmTC_5b8b9.dir/CheckFunctionExists.c.o  -o cmTC_5b8b9 -lpthreads 
/usr/bin/ld: cannot find -lpthreads
collect2: error: ld returned 1 exit status
CMakeFiles/cmTC_5b8b9.dir/build.make:97: recipe for target 'cmTC_5b8b9' failed
make[1]: *** [cmTC_5b8b9] Error 1
make[1]: Leaving directory '/home/huihai/husky_melodic_ws/build/get_goals/CMakeFiles/CMakeTmp'
Makefile:126: recipe for target 'cmTC_5b8b9/fast' failed
make: *** [cmTC_5b8b9/fast] Error 2


