In file included from [01m[K/home/huihai/husky_melodic_ws/src/get_pose/src/getTrigger.cpp:1:0[m[K:
[01m[K/home/huihai/husky_melodic_ws/src/get_pose/include/get_pose/getTrigger.h:13:51:[m[K [01;31m[Kerror: [m[Kreturn type specification for constructor invalid
     virtual void getTrigger(ros::NodeHandle &n) = [01;31m[K0[m[K;
                                                   [01;31m[K^[m[K
[01m[K/home/huihai/husky_melodic_ws/src/get_pose/include/get_pose/getTrigger.h:13:51:[m[K [01;31m[Kerror: [m[Kconstructors cannot be declared ‘[01m[Kvirtual[m[K’ [[01;31m[K-fpermissive[m[K]
[01m[K/home/huihai/husky_melodic_ws/src/get_pose/include/get_pose/getTrigger.h:13:18:[m[K [01;31m[Kerror: [m[Kinitializer specified for non-virtual method ‘[01m[KgetTrigger::getTrigger(ros::NodeHandle&)[m[K’
     virtual void [01;31m[KgetTrigger[m[K(ros::NodeHandle &n) = 0;
                  [01;31m[K^~~~~~~~~~[m[K
[01m[K/home/huihai/husky_melodic_ws/src/get_pose/include/get_pose/getTrigger.h:16:2:[m[K [01;31m[Kerror: [m[Kexpected ‘[01m[K;[m[K’ after class definition
 }
  [01;31m[K^[m[K
  [32m[K;[m[K
[01m[K/home/huihai/husky_melodic_ws/src/get_pose/src/getTrigger.cpp:3:47:[m[K [01;31m[Kerror: [m[Kreturn type specification for constructor invalid
 void getTrigger::getTrigger(ros::NodeHandle &n[01;31m[K)[m[K{
                                               [01;31m[K^[m[K
[01m[K/home/huihai/husky_melodic_ws/src/get_pose/src/getTrigger.cpp:[m[K In member function ‘[01m[Kvoid getTrigger::get()[m[K’:
[01m[K/home/huihai/husky_melodic_ws/src/get_pose/src/getTrigger.cpp:12:12:[m[K [01;31m[Kerror: [m[Kreturn-statement with a value, in function returning 'void' [[01;31m[K-fpermissive[m[K]
     return [01;31m[K_trigger[m[K;
            [01;31m[K^~~~~~~~[m[K
In file included from [01m[K/home/huihai/husky_melodic_ws/src/get_pose/src/get_pose.cpp:4:0[m[K:
[01m[K/home/huihai/husky_melodic_ws/src/get_pose/include/get_pose/getTrigger.h:13:51:[m[K [01;31m[Kerror: [m[Kreturn type specification for constructor invalid
     virtual void getTrigger(ros::NodeHandle &n) = [01;31m[K0[m[K;
                                                   [01;31m[K^[m[K
[01m[K/home/huihai/husky_melodic_ws/src/get_pose/include/get_pose/getTrigger.h:13:51:[m[K [01;31m[Kerror: [m[Kconstructors cannot be declared ‘[01m[Kvirtual[m[K’ [[01;31m[K-fpermissive[m[K]
[01m[K/home/huihai/husky_melodic_ws/src/get_pose/include/get_pose/getTrigger.h:13:18:[m[K [01;31m[Kerror: [m[Kinitializer specified for non-virtual method ‘[01m[KgetTrigger::getTrigger(ros::NodeHandle&)[m[K’
     virtual void [01;31m[KgetTrigger[m[K(ros::NodeHandle &n) = 0;
                  [01;31m[K^~~~~~~~~~[m[K
[01m[K/home/huihai/husky_melodic_ws/src/get_pose/include/get_pose/getTrigger.h:16:2:[m[K [01;31m[Kerror: [m[Kexpected ‘[01m[K;[m[K’ after class definition
 }
  [01;31m[K^[m[K
  [32m[K;[m[K
[01m[K/home/huihai/husky_melodic_ws/src/get_pose/src/get_pose.cpp:[m[K In function ‘[01m[Kint main(int, char**)[m[K’:
[01m[K/home/huihai/husky_melodic_ws/src/get_pose/src/get_pose.cpp:11:33:[m[K [01;31m[Kerror: [m[Kconversion from ‘[01m[Kvoid[m[K’ to non-scalar type ‘[01m[Kstd::__cxx11::string {aka std::__cxx11::basic_string<char>}[m[K’ requested
     std::string s = [01;31m[Kreceiver.get()[m[K;
                     [01;31m[K~~~~~~~~~~~~^~[m[K
In file included from [01m[K/opt/ros/melodic/include/ros/ros.h:40:0[m[K,
                 from [01m[K/home/huihai/husky_melodic_ws/src/get_pose/src/get_pose.cpp:1[m[K:
[01m[K/opt/ros/melodic/include/ros/console.h:348:176:[m[K [01;35m[Kwarning: [m[Kformat ‘[01m[K%s[m[K’ expects argument of type ‘[01m[Kchar*[m[K’, but argument 8 has type ‘[01m[Kstd::__cxx11::string {aka std::__cxx11::basic_string<char>}[m[K’ [[01;35m[K-Wformat=[m[K]
     ::ros::console::print(filter, __rosconsole_define_location__loc.logger_, __rosconsole_define_location__loc.level_, __FILE__, __LINE__, __ROSCONSOLE_FUNCTION__, __VA_ARGS__[01;35m[K)[m[K
                                                                                                                                                                                [01;35m[K^[m[K
[01m[K/opt/ros/melodic/include/ros/console.h:351:5:[m[K [01;36m[Knote: [m[Kin expansion of macro ‘[01m[KROSCONSOLE_PRINT_AT_LOCATION_WITH_FILTER[m[K’
     [01;36m[KROSCONSOLE_PRINT_AT_LOCATION_WITH_FILTER[m[K(NULL, __VA_ARGS__)
     [01;36m[K^~~~~~~~~~~~~~~~~~~~~~~~~~~~~~~~~~~~~~~~[m[K
[01m[K/opt/ros/melodic/include/ros/console.h:387:7:[m[K [01;36m[Knote: [m[Kin expansion of macro ‘[01m[KROSCONSOLE_PRINT_AT_LOCATION[m[K’
       [01;36m[KROSCONSOLE_PRINT_AT_LOCATION[m[K(__VA_ARGS__); \
       [01;36m[K^~~~~~~~~~~~~~~~~~~~~~~~~~~~[m[K
[01m[K/opt/ros/melodic/include/ros/console.h:572:35:[m[K [01;36m[Knote: [m[Kin expansion of macro ‘[01m[KROS_LOG_COND[m[K’
 #define ROS_LOG(level, name, ...) [01;36m[KROS_LOG_COND[m[K(true, level, name, __VA_ARGS__)
                                   [01;36m[K^~~~~~~~~~~~[m[K
[01m[K/opt/ros/melodic/include/rosconsole/macros_generated.h:110:23:[m[K [01;36m[Knote: [m[Kin expansion of macro ‘[01m[KROS_LOG[m[K’
 #define ROS_INFO(...) [01;36m[KROS_LOG[m[K(::ros::console::levels::Info, ROSCONSOLE_DEFAULT_NAME, __VA_ARGS__)
                       [01;36m[K^~~~~~~[m[K
[01m[K/home/huihai/husky_melodic_ws/src/get_pose/src/get_pose.cpp:12:5:[m[K [01;36m[Knote: [m[Kin expansion of macro ‘[01m[KROS_INFO[m[K’
     [01;36m[KROS_INFO[m[K("I heard: [%s]", s);
     [01;36m[K^~~~~~~~[m[K
make[2]: *** [CMakeFiles/get_pose.dir/src/get_pose.cpp.o] Error 1
make[2]: *** Waiting for unfinished jobs....
make[2]: *** [CMakeFiles/get_pose.dir/src/getTrigger.cpp.o] Error 1
make[1]: *** [CMakeFiles/get_pose.dir/all] Error 2
make: *** [all] Error 2
