Determining if the pthread_create exist failed with the following output:
Change Dir: /home/huihai/husky_melodic_ws/build/catkin_tools_prebuild/CMakeFiles/CMakeTmp

Run Build Command:"/usr/bin/make" "cmTC_74411/fast"
/usr/bin/make -f CMakeFiles/cmTC_74411.dir/build.make CMakeFiles/cmTC_74411.dir/build
make[1]: Entering directory '/home/huihai/husky_melodic_ws/build/catkin_tools_prebuild/CMakeFiles/CMakeTmp'
Building C object CMakeFiles/cmTC_74411.dir/CheckSymbolExists.c.o
/usr/bin/cc    -o CMakeFiles/cmTC_74411.dir/CheckSymbolExists.c.o   -c /home/huihai/husky_melodic_ws/build/catkin_tools_prebuild/CMakeFiles/CMakeTmp/CheckSymbolExists.c
Linking C executable cmTC_74411
/usr/bin/cmake -E cmake_link_script CMakeFiles/cmTC_74411.dir/link.txt --verbose=1
/usr/bin/cc      -rdynamic CMakeFiles/cmTC_74411.dir/CheckSymbolExists.c.o  -o cmTC_74411 
CMakeFiles/cmTC_74411.dir/CheckSymbolExists.c.o: In function `main':
CheckSymbolExists.c:(.text+0x1b): undefined reference to `pthread_create'
collect2: error: ld returned 1 exit status
CMakeFiles/cmTC_74411.dir/build.make:97: recipe for target 'cmTC_74411' failed
make[1]: *** [cmTC_74411] Error 1
make[1]: Leaving directory '/home/huihai/husky_melodic_ws/build/catkin_tools_prebuild/CMakeFiles/CMakeTmp'
Makefile:126: recipe for target 'cmTC_74411/fast' failed
make: *** [cmTC_74411/fast] Error 2

File /home/huihai/husky_melodic_ws/build/catkin_tools_prebuild/CMakeFiles/CMakeTmp/CheckSymbolExists.c:
/* */
#include <pthread.h>

int main(int argc, char** argv)
{
  (void)argv;
#ifndef pthread_create
  return ((int*)(&pthread_create))[argc];
#else
  (void)argc;
  return 0;
#endif
}

Determining if the function pthread_create exists in the pthreads failed with the following output:
Change Dir: /home/huihai/husky_melodic_ws/build/catkin_tools_prebuild/CMakeFiles/CMakeTmp

Run Build Command:"/usr/bin/make" "cmTC_658ad/fast"
/usr/bin/make -f CMakeFiles/cmTC_658ad.dir/build.make CMakeFiles/cmTC_658ad.dir/build
make[1]: Entering directory '/home/huihai/husky_melodic_ws/build/catkin_tools_prebuild/CMakeFiles/CMakeTmp'
Building C object CMakeFiles/cmTC_658ad.dir/CheckFunctionExists.c.o
/usr/bin/cc   -DCHECK_FUNCTION_EXISTS=pthread_create   -o CMakeFiles/cmTC_658ad.dir/CheckFunctionExists.c.o   -c /usr/share/cmake-3.10/Modules/CheckFunctionExists.c
Linking C executable cmTC_658ad
/usr/bin/cmake -E cmake_link_script CMakeFiles/cmTC_658ad.dir/link.txt --verbose=1
/usr/bin/cc  -DCHECK_FUNCTION_EXISTS=pthread_create    -rdynamic CMakeFiles/cmTC_658ad.dir/CheckFunctionExists.c.o  -o cmTC_658ad -lpthreads 
/usr/bin/ld: cannot find -lpthreads
collect2: error: ld returned 1 exit status
CMakeFiles/cmTC_658ad.dir/build.make:97: recipe for target 'cmTC_658ad' failed
make[1]: *** [cmTC_658ad] Error 1
make[1]: Leaving directory '/home/huihai/husky_melodic_ws/build/catkin_tools_prebuild/CMakeFiles/CMakeTmp'
Makefile:126: recipe for target 'cmTC_658ad/fast' failed
make: *** [cmTC_658ad/fast] Error 2


