CMakeFiles/vis_cam.dir/src/vis_cam.cpp.o: In function `main':
vis_cam.cpp:(.text+0x82): undefined reference to `cv::VideoCapture::VideoCapture(int, int)'
vis_cam.cpp:(.text+0x91): undefined reference to `cv::VideoCapture::isOpened() const'
vis_cam.cpp:(.text+0xea): undefined reference to `cv::VideoCapture::get(int) const'
vis_cam.cpp:(.text+0x10a): undefined reference to `cv::VideoCapture::get(int) const'
vis_cam.cpp:(.text+0x1de): undefined reference to `cv::namedWindow(std::__cxx11::basic_string<char, std::char_traits<char>, std::allocator<char> > const&, int)'
vis_cam.cpp:(.text+0x223): undefined reference to `cv::VideoCapture::read(cv::_OutputArray const&)'
vis_cam.cpp:(.text+0x2b3): undefined reference to `cv::imshow(std::__cxx11::basic_string<char, std::char_traits<char>, std::allocator<char> > const&, cv::_InputArray const&)'
vis_cam.cpp:(.text+0x2cc): undefined reference to `cv::waitKey(int)'
vis_cam.cpp:(.text+0x401): undefined reference to `cv::imwrite(std::__cxx11::basic_string<char, std::char_traits<char>, std::allocator<char> > const&, cv::_InputArray const&, std::vector<int, std::allocator<int> > const&)'
vis_cam.cpp:(.text+0x474): undefined reference to `cv::VideoCapture::~VideoCapture()'
vis_cam.cpp:(.text+0x5a1): undefined reference to `cv::VideoCapture::~VideoCapture()'
CMakeFiles/vis_cam.dir/src/vis_cam.cpp.o: In function `cv::Mat::~Mat()':
vis_cam.cpp:(.text._ZN2cv3MatD2Ev[_ZN2cv3MatD5Ev]+0x39): undefined reference to `cv::fastFree(void*)'
CMakeFiles/vis_cam.dir/src/vis_cam.cpp.o: In function `cv::Mat::release()':
vis_cam.cpp:(.text._ZN2cv3Mat7releaseEv[_ZN2cv3Mat7releaseEv]+0x4b): undefined reference to `cv::Mat::deallocate()'
collect2: error: ld returned 1 exit status
make[2]: *** [/home/huihai/husky_melodic_ws/devel/.private/vis_cam/lib/vis_cam/vis_cam] Error 1
make[1]: *** [CMakeFiles/vis_cam.dir/all] Error 2
make: *** [all] Error 2
