[01m[K/home/huihai/husky_melodic_ws/src/vis_cam/src/vis_cam.cpp:[m[K In function ‘[01m[Kint main(int, char**)[m[K’:
[01m[K/home/huihai/husky_melodic_ws/src/vis_cam/src/vis_cam.cpp:24:5:[m[K [01;31m[Kerror: [m[K‘[01m[Kimg_index[m[K’ was not declared in this scope
     [01;31m[Kimg_index[m[K = 0;
     [01;31m[K^~~~~~~~~[m[K
[01m[K/home/huihai/husky_melodic_ws/src/vis_cam/src/vis_cam.cpp:24:5:[m[K [01;36m[Knote: [m[Ksuggested alternative: ‘[01m[Krindex[m[K’
     [01;36m[Kimg_index[m[K = 0;
     [01;36m[K^~~~~~~~~[m[K
     [32m[Krindex[m[K
[01m[K/home/huihai/husky_melodic_ws/src/vis_cam/src/vis_cam.cpp:38:2:[m[K [01;31m[Kerror: [m[K‘[01m[Kkey[m[K’ was not declared in this scope
  [01;31m[Kkey[m[K = waitKey(10);
  [01;31m[K^~~[m[K
[01m[K/home/huihai/husky_melodic_ws/src/vis_cam/src/vis_cam.cpp:38:2:[m[K [01;36m[Knote: [m[Ksuggested alternative: ‘[01m[Kkey_t[m[K’
  [01;36m[Kkey[m[K = waitKey(10);
  [01;36m[K^~~[m[K
  [32m[Kkey_t[m[K
[01m[K/home/huihai/husky_melodic_ws/src/vis_cam/src/vis_cam.cpp:45:6:[m[K [01;31m[Kerror: [m[K‘[01m[Kimg_path[m[K’ was not declared in this scope
      [01;31m[Kimg_path[m[K = save_path + '/' + string(img_index) + ".jpg";
      [01;31m[K^~~~~~~~[m[K
[01m[K/home/huihai/husky_melodic_ws/src/vis_cam/src/vis_cam.cpp:45:6:[m[K [01;36m[Knote: [m[Ksuggested alternative: ‘[01m[Ksave_path[m[K’
      [01;36m[Kimg_path[m[K = save_path + '/' + string(img_index) + ".jpg";
      [01;36m[K^~~~~~~~[m[K
      [32m[Ksave_path[m[K
make[2]: *** [CMakeFiles/vis_cam.dir/src/vis_cam.cpp.o] Error 1
make[1]: *** [CMakeFiles/vis_cam.dir/all] Error 2
make: *** [all] Error 2
