[35m[1mScanning dependencies of target vis_cam[0m
[ 50%] [32mBuilding CXX object CMakeFiles/vis_cam.dir/src/vis_cam.cpp.o[0m
[01m[K/home/huihai/husky_melodic_ws/src/vis_cam/src/vis_cam.cpp:[m[K In function ‘[01m[Kint main(int, char**)[m[K’:
[01m[K/home/huihai/husky_melodic_ws/src/vis_cam/src/vis_cam.cpp:45:58:[m[K [01;31m[Kerror: [m[Kno matching function for call to ‘[01m[Kstd::__cxx11::basic_string<char>::basic_string(int&)[m[K’
      string img_path = save_path + '/' + string(img_index[01;31m[K)[m[K + ".jpg";
                                                          [01;31m[K^[m[K
In file included from [01m[K/usr/include/c++/7/string:52:0[m[K,
                 from [01m[K/usr/include/c++/7/stdexcept:39[m[K,
                 from [01m[K/usr/include/c++/7/array:39[m[K,
                 from [01m[K/usr/local/include/opencv4/opencv2/core/cvdef.h:710[m[K,
                 from [01m[K/usr/local/include/opencv4/opencv2/core.hpp:52[m[K,
                 from [01m[K/usr/local/include/opencv4/opencv2/opencv.hpp:52[m[K,
                 from [01m[K/home/huihai/husky_melodic_ws/src/vis_cam/src/vis_cam.cpp:1[m[K:
[01m[K/usr/include/c++/7/bits/basic_string.h:604:9:[m[K [01;36m[Knote: [m[Kcandidate: template<class _InputIterator, class> std::__cxx11::basic_string<_CharT, _Traits, _Alloc>::basic_string(_InputIterator, _InputIterator, const _Alloc&)
         [01;36m[Kbasic_string[m[K(_InputIterator __beg, _InputIterator __end,
         [01;36m[K^~~~~~~~~~~~[m[K
[01m[K/usr/include/c++/7/bits/basic_string.h:604:9:[m[K [01;36m[Knote: [m[K  template argument deduction/substitution failed:
[01m[K/home/huihai/husky_melodic_ws/src/vis_cam/src/vis_cam.cpp:45:58:[m[K [01;36m[Knote: [m[K  candidate expects 3 arguments, 1 provided
      string img_path = save_path + '/' + string(img_index[01;36m[K)[m[K + ".jpg";
                                                          [01;36m[K^[m[K
In file included from [01m[K/usr/include/c++/7/string:52:0[m[K,
                 from [01m[K/usr/include/c++/7/stdexcept:39[m[K,
                 from [01m[K/usr/include/c++/7/array:39[m[K,
                 from [01m[K/usr/local/include/opencv4/opencv2/core/cvdef.h:710[m[K,
                 from [01m[K/usr/local/include/opencv4/opencv2/core.hpp:52[m[K,
                 from [01m[K/usr/local/include/opencv4/opencv2/opencv.hpp:52[m[K,
                 from [01m[K/home/huihai/husky_melodic_ws/src/vis_cam/src/vis_cam.cpp:1[m[K:
[01m[K/usr/include/c++/7/bits/basic_string.h:566:7:[m[K [01;36m[Knote: [m[Kcandidate: std::__cxx11::basic_string<_CharT, _Traits, _Alloc>::basic_string(std::__cxx11::basic_string<_CharT, _Traits, _Alloc>&&, const _Alloc&) [with _CharT = char; _Traits = std::char_traits<char>; _Alloc = std::allocator<char>]
       [01;36m[Kbasic_string[m[K(basic_string&& __str, const _Alloc& __a)
       [01;36m[K^~~~~~~~~~~~[m[K
[01m[K/usr/include/c++/7/bits/basic_string.h:566:7:[m[K [01;36m[Knote: [m[K  candidate expects 2 arguments, 1 provided
[01m[K/usr/include/c++/7/bits/basic_string.h:562:7:[m[K [01;36m[Knote: [m[Kcandidate: std::__cxx11::basic_string<_CharT, _Traits, _Alloc>::basic_string(const std::__cxx11::basic_string<_CharT, _Traits, _Alloc>&, const _Alloc&) [with _CharT = char; _Traits = std::char_traits<char>; _Alloc = std::allocator<char>]
       [01;36m[Kbasic_string[m[K(const basic_string& __str, const _Alloc& __a)
       [01;36m[K^~~~~~~~~~~~[m[K
[01m[K/usr/include/c++/7/bits/basic_string.h:562:7:[m[K [01;36m[Knote: [m[K  candidate expects 2 arguments, 1 provided
[01m[K/usr/include/c++/7/bits/basic_string.h:558:7:[m[K [01;36m[Knote: [m[Kcandidate: std::__cxx11::basic_string<_CharT, _Traits, _Alloc>::basic_string(std::initializer_list<_Tp>, const _Alloc&) [with _CharT = char; _Traits = std::char_traits<char>; _Alloc = std::allocator<char>]
       [01;36m[Kbasic_string[m[K(initializer_list<_CharT> __l, const _Alloc& __a = _Alloc())
       [01;36m[K^~~~~~~~~~~~[m[K
[01m[K/usr/include/c++/7/bits/basic_string.h:558:7:[m[K [01;36m[Knote: [m[K  no known conversion for argument 1 from ‘[01m[Kint[m[K’ to ‘[01m[Kstd::initializer_list<char>[m[K’
[01m[K/usr/include/c++/7/bits/basic_string.h:531:7:[m[K [01;36m[Knote: [m[Kcandidate: std::__cxx11::basic_string<_CharT, _Traits, _Alloc>::basic_string(std::__cxx11::basic_string<_CharT, _Traits, _Alloc>&&) [with _CharT = char; _Traits = std::char_traits<char>; _Alloc = std::allocator<char>]
       [01;36m[Kbasic_string[m[K(basic_string&& __str) noexcept
       [01;36m[K^~~~~~~~~~~~[m[K
[01m[K/usr/include/c++/7/bits/basic_string.h:531:7:[m[K [01;36m[Knote: [m[K  no known conversion for argument 1 from ‘[01m[Kint[m[K’ to ‘[01m[Kstd::__cxx11::basic_string<char>&&[m[K’
[01m[K/usr/include/c++/7/bits/basic_string.h:519:7:[m[K [01;36m[Knote: [m[Kcandidate: std::__cxx11::basic_string<_CharT, _Traits, _Alloc>::basic_string(std::__cxx11::basic_string<_CharT, _Traits, _Alloc>::size_type, _CharT, const _Alloc&) [with _CharT = char; _Traits = std::char_traits<char>; _Alloc = std::allocator<char>; std::__cxx11::basic_string<_CharT, _Traits, _Alloc>::size_type = long unsigned int]
       [01;36m[Kbasic_string[m[K(size_type __n, _CharT __c, const _Alloc& __a = _Alloc())
       [01;36m[K^~~~~~~~~~~~[m[K
[01m[K/usr/include/c++/7/bits/basic_string.h:519:7:[m[K [01;36m[Knote: [m[K  candidate expects 3 arguments, 1 provided
[01m[K/usr/include/c++/7/bits/basic_string.h:509:7:[m[K [01;36m[Knote: [m[Kcandidate: std::__cxx11::basic_string<_CharT, _Traits, _Alloc>::basic_string(const _CharT*, const _Alloc&) [with _CharT = char; _Traits = std::char_traits<char>; _Alloc = std::allocator<char>] <near match>
       [01;36m[Kbasic_string[m[K(const _CharT* __s, const _Alloc& __a = _Alloc())
       [01;36m[K^~~~~~~~~~~~[m[K
[01m[K/usr/include/c++/7/bits/basic_string.h:509:7:[m[K [01;36m[Knote: [m[K  conversion of argument 1 would be ill-formed:
[01m[K/home/huihai/husky_melodic_ws/src/vis_cam/src/vis_cam.cpp:45:58:[m[K [01;31m[Kerror: [m[Kinvalid conversion from ‘[01m[Kint[m[K’ to ‘[01m[Kconst char*[m[K’ [[01;31m[K-fpermissive[m[K]
      string img_path = save_path + '/' + string(img_index[01;31m[K)[m[K + ".jpg";
                                                          [01;31m[K^[m[K
In file included from [01m[K/usr/include/c++/7/string:52:0[m[K,
                 from [01m[K/usr/include/c++/7/stdexcept:39[m[K,
                 from [01m[K/usr/include/c++/7/array:39[m[K,
                 from [01m[K/usr/local/include/opencv4/opencv2/core/cvdef.h:710[m[K,
                 from [01m[K/usr/local/include/opencv4/opencv2/core.hpp:52[m[K,
                 from [01m[K/usr/local/include/opencv4/opencv2/opencv.hpp:52[m[K,
                 from [01m[K/home/huihai/husky_melodic_ws/src/vis_cam/src/vis_cam.cpp:1[m[K:
[01m[K/usr/include/c++/7/bits/basic_string.h:499:7:[m[K [01;36m[Knote: [m[Kcandidate: std::__cxx11::basic_string<_CharT, _Traits, _Alloc>::basic_string(const _CharT*, std::__cxx11::basic_string<_CharT, _Traits, _Alloc>::size_type, const _Alloc&) [with _CharT = char; _Traits = std::char_traits<char>; _Alloc = std::allocator<char>; std::__cxx11::basic_string<_CharT, _Traits, _Alloc>::size_type = long unsigned int]
       [01;36m[Kbasic_string[m[K(const _CharT* __s, size_type __n,
       [01;36m[K^~~~~~~~~~~~[m[K
[01m[K/usr/include/c++/7/bits/basic_string.h:499:7:[m[K [01;36m[Knote: [m[K  candidate expects 3 arguments, 1 provided
[01m[K/usr/include/c++/7/bits/basic_string.h:481:7:[m[K [01;36m[Knote: [m[Kcandidate: std::__cxx11::basic_string<_CharT, _Traits, _Alloc>::basic_string(const std::__cxx11::basic_string<_CharT, _Traits, _Alloc>&, std::__cxx11::basic_string<_CharT, _Traits, _Alloc>::size_type, std::__cxx11::basic_string<_CharT, _Traits, _Alloc>::size_type, const _Alloc&) [with _CharT = char; _Traits = std::char_traits<char>; _Alloc = std::allocator<char>; std::__cxx11::basic_string<_CharT, _Traits, _Alloc>::size_type = long unsigned int]
       [01;36m[Kbasic_string[m[K(const basic_string& __str, size_type __pos,
       [01;36m[K^~~~~~~~~~~~[m[K
[01m[K/usr/include/c++/7/bits/basic_string.h:481:7:[m[K [01;36m[Knote: [m[K  candidate expects 4 arguments, 1 provided
[01m[K/usr/include/c++/7/bits/basic_string.h:465:7:[m[K [01;36m[Knote: [m[Kcandidate: std::__cxx11::basic_string<_CharT, _Traits, _Alloc>::basic_string(const std::__cxx11::basic_string<_CharT, _Traits, _Alloc>&, std::__cxx11::basic_string<_CharT, _Traits, _Alloc>::size_type, std::__cxx11::basic_string<_CharT, _Traits, _Alloc>::size_type) [with _CharT = char; _Traits = std::char_traits<char>; _Alloc = std::allocator<char>; std::__cxx11::basic_string<_CharT, _Traits, _Alloc>::size_type = long unsigned int]
       [01;36m[Kbasic_string[m[K(const basic_string& __str, size_type __pos,
       [01;36m[K^~~~~~~~~~~~[m[K
[01m[K/usr/include/c++/7/bits/basic_string.h:465:7:[m[K [01;36m[Knote: [m[K  candidate expects 3 arguments, 1 provided
[01m[K/usr/include/c++/7/bits/basic_string.h:450:7:[m[K [01;36m[Knote: [m[Kcandidate: std::__cxx11::basic_string<_CharT, _Traits, _Alloc>::basic_string(const std::__cxx11::basic_string<_CharT, _Traits, _Alloc>&, std::__cxx11::basic_string<_CharT, _Traits, _Alloc>::size_type, const _Alloc&) [with _CharT = char; _Traits = std::char_traits<char>; _Alloc = std::allocator<char>; std::__cxx11::basic_string<_CharT, _Traits, _Alloc>::size_type = long unsigned int]
       [01;36m[Kbasic_string[m[K(const basic_string& __str, size_type __pos,
       [01;36m[K^~~~~~~~~~~~[m[K
[01m[K/usr/include/c++/7/bits/basic_string.h:450:7:[m[K [01;36m[Knote: [m[K  candidate expects 3 arguments, 1 provided
[01m[K/usr/include/c++/7/bits/basic_string.h:437:7:[m[K [01;36m[Knote: [m[Kcandidate: std::__cxx11::basic_string<_CharT, _Traits, _Alloc>::basic_string(const std::__cxx11::basic_string<_CharT, _Traits, _Alloc>&) [with _CharT = char; _Traits = std::char_traits<char>; _Alloc = std::allocator<char>]
       [01;36m[Kbasic_string[m[K(const basic_string& __str)
       [01;36m[K^~~~~~~~~~~~[m[K
[01m[K/usr/include/c++/7/bits/basic_string.h:437:7:[m[K [01;36m[Knote: [m[K  no known conversion for argument 1 from ‘[01m[Kint[m[K’ to ‘[01m[Kconst std::__cxx11::basic_string<char>&[m[K’
[01m[K/usr/include/c++/7/bits/basic_string.h:429:7:[m[K [01;36m[Knote: [m[Kcandidate: std::__cxx11::basic_string<_CharT, _Traits, _Alloc>::basic_string(const _Alloc&) [with _CharT = char; _Traits = std::char_traits<char>; _Alloc = std::allocator<char>]
       [01;36m[Kbasic_string[m[K(const _Alloc& __a) _GLIBCXX_NOEXCEPT
       [01;36m[K^~~~~~~~~~~~[m[K
[01m[K/usr/include/c++/7/bits/basic_string.h:429:7:[m[K [01;36m[Knote: [m[K  no known conversion for argument 1 from ‘[01m[Kint[m[K’ to ‘[01m[Kconst std::allocator<char>&[m[K’
[01m[K/usr/include/c++/7/bits/basic_string.h:420:7:[m[K [01;36m[Knote: [m[Kcandidate: std::__cxx11::basic_string<_CharT, _Traits, _Alloc>::basic_string() [with _CharT = char; _Traits = std::char_traits<char>; _Alloc = std::allocator<char>]
       [01;36m[Kbasic_string[m[K()
       [01;36m[K^~~~~~~~~~~~[m[K
[01m[K/usr/include/c++/7/bits/basic_string.h:420:7:[m[K [01;36m[Knote: [m[K  candidate expects 0 arguments, 1 provided
[01m[K/home/huihai/husky_melodic_ws/src/vis_cam/src/vis_cam.cpp:46:29:[m[K [01;31m[Kerror: [m[Kinvalid initialization of reference of type ‘[01m[Kconst String& {aka const std::__cxx11::basic_string<char>&}[m[K’ from expression of type ‘[01m[Kcv::Mat[m[K’
      imwrite(frame, img_path[01;31m[K)[m[K;
                             [01;31m[K^[m[K
In file included from [01m[K/usr/local/include/opencv4/opencv2/highgui.hpp:48:0[m[K,
                 from [01m[K/usr/local/include/opencv4/opencv2/opencv.hpp:68[m[K,
                 from [01m[K/home/huihai/husky_melodic_ws/src/vis_cam/src/vis_cam.cpp:1[m[K:
[01m[K/usr/local/include/opencv4/opencv2/imgcodecs.hpp:222:19:[m[K [01;36m[Knote: [m[Kin passing argument 1 of ‘[01m[Kbool cv::imwrite(const String&, cv::InputArray, const std::vector<int>&)[m[K’
 CV_EXPORTS_W bool [01;36m[Kimwrite[m[K( const String& filename, InputArray img,
                   [01;36m[K^~~~~~~[m[K
CMakeFiles/vis_cam.dir/build.make:62: recipe for target 'CMakeFiles/vis_cam.dir/src/vis_cam.cpp.o' failed
make[2]: *** [CMakeFiles/vis_cam.dir/src/vis_cam.cpp.o] Error 1
CMakeFiles/Makefile2:67: recipe for target 'CMakeFiles/vis_cam.dir/all' failed
make[1]: *** [CMakeFiles/vis_cam.dir/all] Error 2
Makefile:140: recipe for target 'all' failed
make: *** [all] Error 2
